# JRE version: OpenJDK Runtime Environment Temurin-21.0.2+13 (21.0.2+13) (build 21.0.2+13-LTS)
# Java VM: OpenJDK 64-Bit Server VM Temurin-21.0.2+13 (21.0.2+13-LTS, mixed mode, sharing, tiered, compressed oops, compressed class ptrs, g1 gc, windows-amd64)
GC Precious Log:
 CardTable entry size: 512
 Card Set container configuration: InlinePtr #cards 4 size 8 Array Of Cards #cards 16 size 48 Howl #buckets 8 coarsen threshold 3686 Howl Bitmap #cards 512 size 80 coarsen threshold 460 Card regions per heap region 1 cards per card region 4096
 CPUs: 8 total, 8 available
 Memory: 16217M
 Large Page Support: Disabled
 NUMA Support: Disabled
 Compressed Oops: Enabled (Zero based)
 Heap Region Size: 2M
 Heap Min Capacity: 8M
 Heap Initial Capacity: 254M
 Heap Max Capacity: 4056M
 Pre-touch: Disabled
 Parallel Workers: 8
 Concurrent Workers: 2
 Concurrent Refinement Workers: 8
 Periodic GC: Disabled
Heap:
 garbage-first heap   total 518144K, used 507065K [0x0000000702800000, 0x0000000800000000)
  region size 2048K, 6 young (12288K), 1 survivors (2048K)
 Metaspace       used 19662K, committed 19968K, reserved 1114112K
  class space    used 2599K, committed 2752K, reserved 1048576K
GC Heap History (18 events):
Event: 3.461 GC heap before
{Heap before GC invocations=0 (full 0):
 garbage-first heap   total 260096K, used 20480K [0x0000000702800000, 0x0000000800000000)
  region size 2048K, 11 young (22528K), 0 survivors (0K)
 Metaspace       used 4492K, committed 4672K, reserved 1114112K
  class space    used 489K, committed 576K, reserved 1048576K
}
Event: 3.468 GC heap after
{Heap after GC invocations=1 (full 0):
 garbage-first heap   total 260096K, used 2431K [0x0000000702800000, 0x0000000800000000)
  region size 2048K, 2 young (4096K), 2 survivors (4096K)
 Metaspace       used 4492K, committed 4672K, reserved 1114112K
  class space    used 489K, committed 576K, reserved 1048576K
}
Event: 9.081 GC heap before
{Heap before GC invocations=1 (full 0):
 garbage-first heap   total 260096K, used 123263K [0x0000000702800000, 0x0000000800000000)
  region size 2048K, 22 young (45056K), 2 survivors (4096K)
 Metaspace       used 10784K, committed 11008K, reserved 1114112K
  class space    used 1543K, committed 1664K, reserved 1048576K
}
Event: 9.093 GC heap after
{Heap after GC invocations=2 (full 0):
 garbage-first heap   total 260096K, used 88221K [0x0000000702800000, 0x0000000800000000)
  region size 2048K, 3 young (6144K), 3 survivors (6144K)
 Metaspace       used 10784K, committed 11008K, reserved 1114112K
  class space    used 1543K, committed 1664K, reserved 1048576K
}
Event: 10.243 GC heap before
{Heap before GC invocations=2 (full 0):
 garbage-first heap   total 260096K, used 133277K [0x0000000702800000, 0x0000000800000000)
  region size 2048K, 11 young (22528K), 3 survivors (6144K)
 Metaspace       used 11584K, committed 11840K, reserved 1114112K
  class space    used 1761K, committed 1920K, reserved 1048576K
}
Event: 10.253 GC heap after
{Heap after GC invocations=3 (full 0):
 garbage-first heap   total 260096K, used 132298K [0x0000000702800000, 0x0000000800000000)
  region size 2048K, 9 young (18432K), 9 survivors (18432K)
 Metaspace       used 11584K, committed 11840K, reserved 1114112K
  class space    used 1761K, committed 1920K, reserved 1048576K
}
Event: 10.377 GC heap before
{Heap before GC invocations=3 (full 0):
 garbage-first heap   total 260096K, used 136394K [0x0000000702800000, 0x0000000800000000)
  region size 2048K, 10 young (20480K), 9 survivors (18432K)
 Metaspace       used 11584K, committed 11840K, reserved 1114112K
  class space    used 1761K, committed 1920K, reserved 1048576K
}
Event: 10.388 GC heap after
{Heap after GC invocations=4 (full 0):
 garbage-first heap   total 260096K, used 136627K [0x0000000702800000, 0x0000000800000000)
  region size 2048K, 1 young (2048K), 1 survivors (2048K)
 Metaspace       used 11584K, committed 11840K, reserved 1114112K
  class space    used 1761K, committed 1920K, reserved 1048576K
}
Event: 10.490 GC heap before
{Heap before GC invocations=5 (full 0):
 garbage-first heap   total 260096K, used 142771K [0x0000000702800000, 0x0000000800000000)
  region size 2048K, 3 young (6144K), 1 survivors (2048K)
 Metaspace       used 11597K, committed 11840K, reserved 1114112K
  class space    used 1764K, committed 1920K, reserved 1048576K
}
Event: 10.492 GC heap after
{Heap after GC invocations=6 (full 0):
 garbage-first heap   total 260096K, used 142670K [0x0000000702800000, 0x0000000800000000)
  region size 2048K, 2 young (4096K), 2 survivors (4096K)
 Metaspace       used 11597K, committed 11840K, reserved 1114112K
  class space    used 1764K, committed 1920K, reserved 1048576K
}
Event: 11.789 GC heap before
{Heap before GC invocations=7 (full 0):
 garbage-first heap   total 260096K, used 255310K [0x0000000702800000, 0x0000000800000000)
  region size 2048K, 8 young (16384K), 2 survivors (4096K)
 Metaspace       used 12427K, committed 12736K, reserved 1114112K
  class space    used 1885K, committed 2048K, reserved 1048576K
}
Event: 11.794 GC heap after
{Heap after GC invocations=8 (full 0):
 garbage-first heap   total 268288K, used 249311K [0x0000000702800000, 0x0000000800000000)
  region size 2048K, 4 young (8192K), 4 survivors (8192K)
 Metaspace       used 12427K, committed 12736K, reserved 1114112K
  class space    used 1885K, committed 2048K, reserved 1048576K
}
Event: 11.986 GC heap before
{Heap before GC invocations=8 (full 0):
 garbage-first heap   total 268288K, used 265695K [0x0000000702800000, 0x0000000800000000)
  region size 2048K, 5 young (10240K), 4 survivors (8192K)
 Metaspace       used 12555K, committed 12864K, reserved 1114112K
  class space    used 1894K, committed 2048K, reserved 1048576K
}
Event: 11.993 GC heap after
{Heap after GC invocations=9 (full 0):
 garbage-first heap   total 278528K, used 263599K [0x0000000702800000, 0x0000000800000000)
  region size 2048K, 1 young (2048K), 1 survivors (2048K)
 Metaspace       used 12555K, committed 12864K, reserved 1114112K
  class space    used 1894K, committed 2048K, reserved 1048576K
}
Event: 11.995 GC heap before
{Heap before GC invocations=9 (full 0):
 garbage-first heap   total 278528K, used 263599K [0x0000000702800000, 0x0000000800000000)
  region size 2048K, 2 young (4096K), 1 survivors (2048K)
 Metaspace       used 12555K, committed 12864K, reserved 1114112K
  class space    used 1894K, committed 2048K, reserved 1048576K
}
Event: 11.996 GC heap after
{Heap after GC invocations=10 (full 0):
 garbage-first heap   total 278528K, used 263671K [0x0000000702800000, 0x0000000800000000)
  region size 2048K, 1 young (2048K), 1 survivors (2048K)
 Metaspace       used 12555K, committed 12864K, reserved 1114112K
  class space    used 1894K, committed 2048K, reserved 1048576K
}
Event: 17.927 GC heap before
{Heap before GC invocations=11 (full 0):
 garbage-first heap   total 471040K, used 462327K [0x0000000702800000, 0x0000000800000000)
  region size 2048K, 6 young (12288K), 1 survivors (2048K)
 Metaspace       used 19200K, committed 19456K, reserved 1114112K
  class space    used 2587K, committed 2688K, reserved 1048576K
}
Event: 17.931 GC heap after
{Heap after GC invocations=12 (full 0):
 garbage-first heap   total 471040K, used 271054K [0x0000000702800000, 0x0000000800000000)
  region size 2048K, 1 young (2048K), 1 survivors (2048K)
 Metaspace       used 19200K, committed 19456K, reserved 1114112K
  class space    used 2587K, committed 2688K, reserved 1048576K
}

