# JRE version: OpenJDK Runtime Environment Temurin-21.0.2+13 (21.0.2+13) (build 21.0.2+13-LTS)
# Java VM: OpenJDK 64-Bit Server VM Temurin-21.0.2+13 (21.0.2+13-LTS, mixed mode, sharing, tiered, compressed oops, compressed class ptrs, g1 gc, windows-amd64)
GC Precious Log:
 CardTable entry size: 512
 Card Set container configuration: InlinePtr #cards 4 size 8 Array Of Cards #cards 16 size 48 Howl #buckets 8 coarsen threshold 3686 Howl Bitmap #cards 512 size 80 coarsen threshold 460 Card regions per heap region 1 cards per card region 4096
 CPUs: 8 total, 8 available
 Memory: 16217M
 Large Page Support: Disabled
 NUMA Support: Disabled
 Compressed Oops: Enabled (Zero based)
 Heap Region Size: 2M
 Heap Min Capacity: 8M
 Heap Initial Capacity: 254M
 Heap Max Capacity: 4056M
 Pre-touch: Disabled
 Parallel Workers: 8
 Concurrent Workers: 2
 Concurrent Refinement Workers: 8
 Periodic GC: Disabled
Heap:
 garbage-first heap   total 264192K, used 255947K [0x0000000702800000, 0x0000000800000000)
  region size 2048K, 10 young (20480K), 2 survivors (4096K)
 Metaspace       used 13169K, committed 13440K, reserved 1114112K
  class space    used 1959K, committed 2112K, reserved 1048576K
GC Heap History (10 events):
Event: 0.976 GC heap before
{Heap before GC invocations=0 (full 0):
 garbage-first heap   total 260096K, used 20480K [0x0000000702800000, 0x0000000800000000)
  region size 2048K, 11 young (22528K), 0 survivors (0K)
 Metaspace       used 4651K, committed 4864K, reserved 1114112K
  class space    used 542K, committed 640K, reserved 1048576K
}
Event: 0.979 GC heap after
{Heap after GC invocations=1 (full 0):
 garbage-first heap   total 260096K, used 2346K [0x0000000702800000, 0x0000000800000000)
  region size 2048K, 2 young (4096K), 2 survivors (4096K)
 Metaspace       used 4651K, committed 4864K, reserved 1114112K
  class space    used 542K, committed 640K, reserved 1048576K
}
Event: 2.511 GC heap before
{Heap before GC invocations=1 (full 0):
 garbage-first heap   total 260096K, used 119082K [0x0000000702800000, 0x0000000800000000)
  region size 2048K, 21 young (43008K), 2 survivors (4096K)
 Metaspace       used 10589K, committed 10816K, reserved 1114112K
  class space    used 1507K, committed 1664K, reserved 1048576K
}
Event: 2.518 GC heap after
{Heap after GC invocations=2 (full 0):
 garbage-first heap   total 260096K, used 84001K [0x0000000702800000, 0x0000000800000000)
  region size 2048K, 3 young (6144K), 3 survivors (6144K)
 Metaspace       used 10589K, committed 10816K, reserved 1114112K
  class space    used 1507K, committed 1664K, reserved 1048576K
}
Event: 3.327 GC heap before
{Heap before GC invocations=2 (full 0):
 garbage-first heap   total 260096K, used 133153K [0x0000000702800000, 0x0000000800000000)
  region size 2048K, 11 young (22528K), 3 survivors (6144K)
 Metaspace       used 11544K, committed 11840K, reserved 1114112K
  class space    used 1762K, committed 1920K, reserved 1048576K
}
Event: 3.334 GC heap after
{Heap after GC invocations=3 (full 0):
 garbage-first heap   total 260096K, used 131507K [0x0000000702800000, 0x0000000800000000)
  region size 2048K, 9 young (18432K), 9 survivors (18432K)
 Metaspace       used 11544K, committed 11840K, reserved 1114112K
  class space    used 1762K, committed 1920K, reserved 1048576K
}
Event: 3.419 GC heap before
{Heap before GC invocations=3 (full 0):
 garbage-first heap   total 260096K, used 135603K [0x0000000702800000, 0x0000000800000000)
  region size 2048K, 10 young (20480K), 9 survivors (18432K)
 Metaspace       used 11544K, committed 11840K, reserved 1114112K
  class space    used 1762K, committed 1920K, reserved 1048576K
}
Event: 3.428 GC heap after
{Heap after GC invocations=4 (full 0):
 garbage-first heap   total 260096K, used 136447K [0x0000000702800000, 0x0000000800000000)
  region size 2048K, 1 young (2048K), 1 survivors (2048K)
 Metaspace       used 11544K, committed 11840K, reserved 1114112K
  class space    used 1762K, committed 1920K, reserved 1048576K
}
Event: 3.508 GC heap before
{Heap before GC invocations=5 (full 0):
 garbage-first heap   total 260096K, used 142591K [0x0000000702800000, 0x0000000800000000)
  region size 2048K, 3 young (6144K), 1 survivors (2048K)
 Metaspace       used 11557K, committed 11840K, reserved 1114112K
  class space    used 1765K, committed 1920K, reserved 1048576K
}
Event: 3.510 GC heap after
{Heap after GC invocations=6 (full 0):
 garbage-first heap   total 260096K, used 142267K [0x0000000702800000, 0x0000000800000000)
  region size 2048K, 2 young (4096K), 2 survivors (4096K)
 Metaspace       used 11557K, committed 11840K, reserved 1114112K
  class space    used 1765K, committed 1920K, reserved 1048576K
}

